app/seeds.txt
com.dexafree.materiallistviewexample.AddActivity
com.dexafree.materiallistviewexample.AddActivity: AddActivity()
com.dexafree.materiallistviewexample.MainActivity
com.dexafree.materiallistviewexample.MainActivity: MainActivity()
com.dexafree.materiallistviewexample.MainActivity: void onClick(android.view.View)
com.dexafree.materiallistviewexample.ModifyActivity
com.dexafree.materiallistviewexample.ModifyActivity: ModifyActivity()
com.dexafree.materiallistviewexample.R$anim: int abc_fade_in
com.dexafree.materiallistviewexample.R$anim: int abc_fade_out
com.dexafree.materiallistviewexample.R$anim: int abc_grow_fade_in_from_bottom
com.dexafree.materiallistviewexample.R$anim: int abc_popup_enter
com.dexafree.materiallistviewexample.R$anim: int abc_popup_exit
com.dexafree.materiallistviewexample.R$anim: int abc_shrink_fade_out_from_bottom
com.dexafree.materiallistviewexample.R$anim: int abc_slide_in_bottom
com.dexafree.materiallistviewexample.R$anim: int abc_slide_in_top
com.dexafree.materiallistviewexample.R$anim: int abc_slide_out_bottom
com.dexafree.materiallistviewexample.R$anim: int abc_slide_out_top
com.dexafree.materiallistviewexample.R$anim: int dialog_main_hide_amination
com.dexafree.materiallistviewexample.R$anim: int dialog_main_show_amination
com.dexafree.materiallistviewexample.R$anim: int dialog_root_hide_amin
com.dexafree.materiallistviewexample.R$anim: int dialog_root_show_amin
com.dexafree.materiallistviewexample.R$anim: int progress_indeterminate_animation
com.dexafree.materiallistviewexample.R$anim: int snackbar_hide_animation
com.dexafree.materiallistviewexample.R$anim: int snackbar_show_animation
com.dexafree.materiallistviewexample.R$attr: int actionBarDivider
com.dexafree.materiallistviewexample.R$attr: int actionBarItemBackground
com.dexafree.materiallistviewexample.R$attr: int actionBarPopupTheme
com.dexafree.materiallistviewexample.R$attr: int actionBarSize
com.dexafree.materiallistviewexample.R$attr: int actionBarSplitStyle
com.dexafree.materiallistviewexample.R$attr: int actionBarStyle
com.dexafree.materiallistviewexample.R$attr: int actionBarTabBarStyle
com.dexafree.materiallistviewexample.R$attr: int actionBarTabStyle
com.dexafree.materiallistviewexample.R$attr: int actionBarTabTextStyle
com.dexafree.materiallistviewexample.R$attr: int actionBarTheme
com.dexafree.materiallistviewexample.R$attr: int actionBarWidgetTheme
com.dexafree.materiallistviewexample.R$attr: int actionButtonStyle
com.dexafree.materiallistviewexample.R$attr: int actionDropDownStyle
com.dexafree.materiallistviewexample.R$attr: int actionLayout
com.dexafree.materiallistviewexample.R$attr: int actionMenuTextAppearance
com.dexafree.materiallistviewexample.R$attr: int actionMenuTextColor
com.dexafree.materiallistviewexample.R$attr: int actionModeBackground
com.dexafree.materiallistviewexample.R$attr: int actionModeCloseButtonStyle
com.dexafree.materiallistviewexample.R$attr: int actionModeCloseDrawable
com.dexafree.materiallistviewexample.R$attr: int actionModeCopyDrawable
com.dexafree.materiallistviewexample.R$attr: int actionModeCutDrawable
com.dexafree.materiallistviewexample.R$bool: int abc_action_bar_embed_tabs
com.dexafree.materiallistviewexample.R$bool: int abc_action_bar_embed_tabs_pre_jb
com.dexafree.materiallistviewexample.R$bool: int abc_action_bar_expanded_action_views_exclusive
com.dexafree.materiallistviewexample.R$bool: int abc_config_actionMenuItemAllCaps
com.dexafree.materiallistviewexample.R$bool: int abc_config_allowActionMenuItemTextWithIcon
com.dexafree.materiallistviewexample.R$bool: int abc_config_closeDialogWhenTouchOutside
com.dexafree.materiallistviewexample.R$bool: int abc_config_showMenuShortcutsWhenKeyboardPresent
...
com.umeng.analytics.social.UMPlatformData$GENDER$2
com.umeng.analytics.social.UMPlatformData$GENDER$2: UMPlatformData$GENDER$2(java.lang.String,int,int)
com.umeng.analytics.social.UMPlatformData$GENDER$2: java.lang.String toString()
com.umeng.analytics.social.UMPlatformData$UMedia
com.umeng.analytics.social.UMPlatformData$UMedia: com.umeng.analytics.social.UMPlatformData$UMedia SINA_WEIBO
com.umeng.analytics.social.UMPlatformData$UMedia: com.umeng.analytics.social.UMPlatformData$UMedia TENCENT_WEIBO
com.umeng.analytics.social.UMPlatformData$UMedia: com.umeng.analytics.social.UMPlatformData$UMedia TENCENT_QZONE
com.umeng.analytics.social.UMPlatformData$UMedia: com.umeng.analytics.social.UMPlatformData$UMedia TENCENT_QQ
com.umeng.analytics.social.UMPlatformData$UMedia: com.umeng.analytics.social.UMPlatformData$UMedia WEIXIN_FRIENDS
com.umeng.analytics.social.UMPlatformData$UMedia: com.umeng.analytics.social.UMPlatformData$UMedia WEIXIN_CIRCLE
com.umeng.analytics.social.UMPlatformData$UMedia: com.umeng.analytics.social.UMPlatformData$UMedia RENREN
com.umeng.analytics.social.UMPlatformData$UMedia: com.umeng.analytics.social.UMPlatformData$UMedia DOUBAN
com.umeng.analytics.social.UMPlatformData$UMedia: com.umeng.analytics.social.UMPlatformData$UMedia[] a
com.umeng.analytics.social.UMPlatformData$UMedia: com.umeng.analytics.social.UMPlatformData$UMedia[] values()
com.umeng.analytics.social.UMPlatformData$UMedia: com.umeng.analytics.social.UMPlatformData$UMedia valueOf(java.lang.String)
com.umeng.analytics.social.UMPlatformData$UMedia: UMPlatformData$UMedia(java.lang.String,int)
com.umeng.analytics.social.UMPlatformData$UMedia$1
com.umeng.analytics.social.UMPlatformData$UMedia$1: UMPlatformData$UMedia$1(java.lang.String,int)
com.umeng.analytics.social.UMPlatformData$UMedia$1: java.lang.String toString()
com.umeng.analytics.social.UMPlatformData$UMedia$2
com.umeng.analytics.social.UMPlatformData$UMedia$2: UMPlatformData$UMedia$2(java.lang.String,int)
com.umeng.analytics.social.UMPlatformData$UMedia$2: java.lang.String toString()
com.umeng.analytics.social.UMPlatformData$UMedia$3
com.umeng.analytics.social.UMPlatformData$UMedia$3: UMPlatformData$UMedia$3(java.lang.String,int)
com.umeng.analytics.social.UMPlatformData$UMedia$3: java.lang.String toString()
com.umeng.analytics.social.UMPlatformData$UMedia$4
com.umeng.analytics.social.UMPlatformData$UMedia$4: UMPlatformData$UMedia$4(java.lang.String,int)
com.umeng.analytics.social.UMPlatformData$UMedia$4: java.lang.String toString()
com.umeng.analytics.social.UMPlatformData$UMedia$5
com.umeng.analytics.social.UMPlatformData$UMedia$5: UMPlatformData$UMedia$5(java.lang.String,int)
com.umeng.analytics.social.UMPlatformData$UMedia$5: java.lang.String toString()
com.umeng.analytics.social.UMPlatformData$UMedia$6
com.umeng.analytics.social.UMPlatformData$UMedia$6: UMPlatformData$UMedia$6(java.lang.String,int)
com.umeng.analytics.social.UMPlatformData$UMedia$6: java.lang.String toString()
com.umeng.analytics.social.UMPlatformData$UMedia$7
com.umeng.analytics.social.UMPlatformData$UMedia$7: UMPlatformData$UMedia$7(java.lang.String,int)
com.umeng.analytics.social.UMPlatformData$UMedia$7: java.lang.String toString()
com.umeng.analytics.social.UMPlatformData$UMedia$8
com.umeng.analytics.social.UMPlatformData$UMedia$8: UMPlatformData$UMedia$8(java.lang.String,int)
com.umeng.analytics.social.UMPlatformData$UMedia$8: java.lang.String toString()
com.umeng.analytics.social.UMSocialService
com.umeng.analytics.social.UMSocialService: UMSocialService()
com.umeng.analytics.social.UMSocialService: void a(android.content.Context,com.umeng.analytics.social.UMSocialService$b,java.lang.String,com.umeng.analytics.social.UMPlatformData[])
com.umeng.analytics.social.UMSocialService: void share(android.content.Context,java.lang.String,com.umeng.analytics.social.UMPlatformData[])
com.umeng.analytics.social.UMSocialService: void share(android.content.Context,com.umeng.analytics.social.UMPlatformData[])