app/mapping.txt
com.dexafree.materiallistviewexample.AddActivity -> com.dexafree.materiallistviewexample.AddActivity:
    java.util.Calendar calendar -> n
    com.rengwuxian.materialedittext.MaterialEditText DateEdit -> o
    com.rengwuxian.materialedittext.MaterialEditText ContentEdit -> p
    com.gc.materialdesign.views.ButtonFlat SureButton -> q
    com.gc.materialdesign.views.ButtonFlat CencelButton -> r
    com.gc.materialdesign.views.Switch mswitch -> t
    com.fourmob.datetimepicker.date.DatePickerDialog datePickerDialog -> s
    void onCreate(android.os.Bundle) -> onCreate
    void InitViews() -> g
    void SetListeners() -> h
    int Is_Forever() -> i
    void onDateSet(com.fourmob.datetimepicker.date.DatePickerDialog,int,int,int) -> a
    boolean onCreateOptionsMenu(android.view.Menu) -> onCreateOptionsMenu
    boolean onOptionsItemSelected(android.view.MenuItem) -> onOptionsItemSelected
    void onResume() -> onResume
    void onPause() -> onPause
    int access$000(com.dexafree.materiallistviewexample.AddActivity) -> a
com.dexafree.materiallistviewexample.AddActivity$1 -> com.dexafree.materiallistviewexample.a:
    com.dexafree.materiallistviewexample.AddActivity this$0 -> a
    void onClick(android.view.View) -> onClick
com.dexafree.materiallistviewexample.AddActivity$2 -> com.dexafree.materiallistviewexample.b:
    com.dexafree.materiallistviewexample.AddActivity this$0 -> a
    void onClick(android.view.View) -> onClick
com.dexafree.materiallistviewexample.AddActivity$2$1 -> com.dexafree.materiallistviewexample.c:
    com.gc.materialdesign.widgets.Dialog val$dialog -> a
    com.dexafree.materiallistviewexample.AddActivity$2 this$1 -> b
    void onClick(android.view.View) -> onClick
com.dexafree.materiallistviewexample.AddActivity$2$2 -> com.dexafree.materiallistviewexample.d:
    com.gc.materialdesign.widgets.Dialog val$dialog -> a
    com.dexafree.materiallistviewexample.AddActivity$2 this$1 -> b
    void onClick(android.view.View) -> onClick
com.dexafree.materiallistviewexample.AddActivity$2$3 -> com.dexafree.materiallistviewexample.e:
    com.gc.materialdesign.widgets.Dialog val$dialog -> a
    com.dexafree.materiallistviewexample.AddActivity$2 this$1 -> b
    void onClick(android.view.View) -> onClick
com.dexafree.materiallistviewexample.AddActivity$3 -> com.dexafree.materiallistviewexample.f:
    com.dexafree.materiallistviewexample.AddActivity this$0 -> a
    void onClick(android.view.View) -> onClick
com.dexafree.materiallistviewexample.MainActivity -> com.dexafree.materiallistviewexample.MainActivity:
    java.util.ArrayList list -> a
    com.dexafree.materialList.view.MaterialListView mListView -> e
    DB.DBHelper dbHelper -> f
    android.database.sqlite.SQLiteDatabase DB -> g
    Presenter.Presenter presenter -> h
    com.getbase.floatingactionbutton.FloatingActionButton AddButton -> b
    com.getbase.floatingactionbutton.FloatingActionButton ShareButton -> c
    com.dexafree.materialList.cards.BasicButtonsCard ModifiedCard -> i
    boolean DBCanRemove -> j
    android.os.Handler handler -> d
    void onCreate(android.os.Bundle) -> onCreate
    void SetListeners() -> d
    void InitView() -> e
    void fillArray() -> f
    boolean onCreateOptionsMenu(android.view.Menu) -> onCreateOptionsMenu
    boolean onOptionsItemSelected(android.view.MenuItem) -> onOptionsItemSelected
    void Add() -> a
    void Modify(Bean.SinceBean) -> a
    void Share() -> b
    void Display(java.util.ArrayList) -> a
    void GenerateCards(Bean.SinceBean) -> b
    void onActivityResult(int,int,android.content.Intent) -> onActivityResult
    void SetDisMissibleAndDivide(com.dexafree.materialList.cards.BasicButtonsCard,Bean.SinceBean) -> a
    boolean PastIsDismissible(Bean.SinceBean) -> c
    void onClick(android.view.View) -> onClick
    void onResume() -> onResume
    void onPause() -> onPause
    boolean access$002(boolean) -> a
...
com.umeng.analytics.social.b -> com.umeng.analytics.social.b:
    void a(java.lang.String,java.lang.String) -> a
    void a(java.lang.String,java.lang.String,java.lang.Exception) -> a
    void b(java.lang.String,java.lang.String) -> b
    void b(java.lang.String,java.lang.String,java.lang.Exception) -> b
    void c(java.lang.String,java.lang.String) -> c
    void c(java.lang.String,java.lang.String,java.lang.Exception) -> c
    void d(java.lang.String,java.lang.String) -> d
    void d(java.lang.String,java.lang.String,java.lang.Exception) -> d
    void e(java.lang.String,java.lang.String) -> e
    void e(java.lang.String,java.lang.String,java.lang.Exception) -> e
com.umeng.analytics.social.c -> com.umeng.analytics.social.c:
    java.lang.String a(java.lang.String) -> a
    java.lang.String a(java.io.InputStream) -> a
    java.lang.String a(java.lang.String,java.lang.String) -> a
com.umeng.analytics.social.d -> com.umeng.analytics.social.d:
    int a -> a
    java.lang.String b -> b
    java.lang.String c -> c
    java.lang.Exception d -> d
    java.lang.Exception a() -> a
    int b() -> b
    void a(int) -> a
    java.lang.String c() -> c
    void a(java.lang.String) -> a
    java.lang.String d() -> d
    void b(java.lang.String) -> b
    java.lang.String toString() -> toString
com.umeng.analytics.social.e -> com.umeng.analytics.social.e:
    java.lang.String a -> a
    java.lang.String b -> b
    java.lang.String c -> c
    java.lang.String d -> d
    java.lang.String e -> e
    java.lang.String f -> f
    java.lang.String g -> g
    java.lang.String h -> h
    java.lang.String i -> i
    java.lang.String j -> j
    java.lang.String k -> k
    java.lang.String l -> l
    java.lang.String m -> m
    java.lang.String n -> n
    java.lang.String o -> o
    java.lang.String p -> p
    java.lang.String q -> q
    java.lang.String r -> r
    java.lang.String s -> s
    int t -> t
    int u -> u
    boolean v -> v
com.umeng.analytics.social.f -> com.umeng.analytics.social.f:
    java.util.Map a -> a
    java.lang.String[] a(android.content.Context,java.lang.String,com.umeng.analytics.social.UMPlatformData[]) -> a
    java.lang.String a(java.util.List) -> a
    java.util.List a(com.umeng.analytics.social.UMPlatformData[]) -> a
    java.lang.String b(com.umeng.analytics.social.UMPlatformData[]) -> b
    java.util.Map c(android.content.Context) -> c
    java.lang.String a(android.content.Context) -> a
    java.util.Map b(android.content.Context) -> b
    boolean a(android.content.Context,java.lang.String) -> a
    java.lang.String d(android.content.Context) -> d
u.aly.a -> u.aly.a:
    int a -> a
    int b -> b
    java.lang.String c -> c
    java.util.List d -> d
    u.aly.ay e -> e
    boolean a() -> a
    java.lang.String b() -> b
    boolean c() -> c
    boolean g() -> g
    u.aly.ay d() -> d
    java.util.List e() -> e
    void a(java.util.List) -> a
    java.lang.String a(java.lang.String) -> a
    java.lang.String f() -> f
    void a(u.aly.az) -> a
u.aly.aa -> u.aly.b:
    int d -> d
    int a -> a
    int b -> b
    int e -> e
    long c -> c
    long f -> f
    long g -> g
    android.content.Context n -> h
    void b(android.content.Context) -> b
    boolean f() -> a
    void g() -> b
    void h() -> c
    void i() -> d
    void j() -> e
    void k() -> f
    void l() -> g
    boolean m() -> h
    long n() -> i
    long o() -> j
    u.aly.ap a(android.content.Context) -> a
    void a() -> k
    void b() -> l
    void c() -> m
    void d() -> n
u.aly.ab -> u.aly.c:
    java.lang.String a -> a
    long b -> b
u.aly.ac -> u.aly.d:
    u.aly.bm a(android.content.Context) -> a
    long[] b(android.content.Context) -> b
u.aly.ad -> u.aly.e:
    java.util.Map b -> a
    java.util.ArrayList c -> b
    void a(java.lang.String) -> a
    void b(java.lang.String) -> b
    void a() -> a
    void a(android.content.Context) -> a
    java.util.List a(android.content.SharedPreferences) -> a