app/unused.txt
com.dexafree.materiallistviewexample.AddActivity:
    public static final java.lang.String DATEPICKER_TAG
com.dexafree.materiallistviewexample.BasicListAdapter
com.dexafree.materiallistviewexample.BasicListAdapter$ViewHolder
com.dexafree.materiallistviewexample.BuildConfig
com.dexafree.materiallistviewexample.MainActivity:
    static final int AddRequestCode
    static final int ModifyRequestCode
com.dexafree.materiallistviewexample.ModifyActivity:
    public static final java.lang.String DATEPICKER_TAG
com.dexafree.materiallistviewexample.R
com.dexafree.materiallistviewexample.R$anim
com.dexafree.materiallistviewexample.R$attr
com.dexafree.materiallistviewexample.R$bool
com.dexafree.materiallistviewexample.R$color
com.dexafree.materiallistviewexample.R$dimen
com.dexafree.materiallistviewexample.R$drawable
com.dexafree.materiallistviewexample.R$id
com.dexafree.materiallistviewexample.R$integer
com.dexafree.materiallistviewexample.R$layout
com.dexafree.materiallistviewexample.R$menu
com.dexafree.materiallistviewexample.R$string
com.dexafree.materiallistviewexample.R$style
com.dexafree.materiallistviewexample.R$styleable
...
android.support.v7.internal.app.WindowDecorActionBar:
    private static final java.lang.String TAG
    private android.support.v7.internal.app.WindowDecorActionBar$TabImpl mSelectedTab
    private static final int CONTEXT_DISPLAY_NORMAL
    private static final int CONTEXT_DISPLAY_SPLIT
    private static final int INVALID_POSITION
    private android.support.v7.internal.widget.TintManager mTintManager
    97:194:public WindowDecorActionBar(android.view.View)
    263:263:public float getElevation()
    296:317:private void ensureTabsExist()
    346:347:public void addOnMenuVisibilityListener(android.support.v7.app.ActionBar$OnMenuVisibilityListener)
    350:351:public void removeOnMenuVisibilityListener(android.support.v7.app.ActionBar$OnMenuVisibilityListener)
    367:369:public void setCustomView(int)
    373:374:public void setDisplayUseLogoEnabled(boolean)
    378:379:public void setDisplayShowHomeEnabled(boolean)
    388:389:public void setDisplayShowTitleEnabled(boolean)
    393:394:public void setDisplayShowCustomEnabled(boolean)
    403:404:public void setTitle(int)
    408:409:public void setSubtitle(int)
    412:423:public void setSelectedNavigationItem(int)
    426:427:public void removeAllTabs()
    430:438:private void cleanupTabs()
    441:442:public void setTitle(java.lang.CharSequence)
    450:451:public void setSubtitle(java.lang.CharSequence)
    454:458:public void setDisplayOptions(int)
android.support.v7.internal.app.WindowDecorActionBar$ActionModeImpl:
    1095:1095:public void onCloseMenu(android.support.v7.internal.view.menu.MenuBuilder,boolean)
    1098:1107:public boolean onSubMenuSelected(android.support.v7.internal.view.menu.SubMenuBuilder)
    1111:1111:public void onCloseSubMenu(android.support.v7.internal.view.menu.SubMenuBuilder)
android.support.v7.internal.app.WindowDecorActionBar$TabImpl
android.support.v7.internal.transition.ActionBarTransition:
    private static final boolean TRANSITIONS_ENABLED
    private static final int TRANSITION_DURATION
    25:25:public ActionBarTransition()
android.support.v7.internal.view.StandaloneActionMode:
    141:141:public void onCloseMenu(android.support.v7.internal.view.menu.MenuBuilder,boolean)
    144:149:public boolean onSubMenuSelected(android.support.v7.internal.view.menu.SubMenuBuilder)
    153:153:public void onCloseSubMenu(android.support.v7.internal.view.menu.SubMenuBuilder)
    161:161:public boolean isUiFocusable()
android.support.v7.internal.view.SupportMenuInflater:
    private static final java.lang.String LOG_TAG
    private static final java.lang.String XML_MENU
    private static final java.lang.String XML_GROUP
    private static final java.lang.String XML_ITEM
    private static final int NO_ID
android.support.v7.internal.view.SupportMenuInflater$MenuState:
    private static final int defaultGroupId
    private static final int defaultItemId
    private static final int defaultItemCategory
    private static final int defaultItemOrder
    private static final int defaultItemCheckable
    private static final boolean defaultItemChecked
    private static final boolean defaultItemVisible
    private static final boolean defaultItemEnabled
android.support.v7.internal.view.menu.ActionMenuItem:
    private static final int NO_ICON
    private static final int CHECKABLE
    private static final int CHECKED
    private static final int EXCLUSIVE
    private static final int HIDDEN
    private static final int ENABLED
    148:149:public android.support.v7.internal.view.menu.ActionMenuItem setExclusiveCheckable(boolean)
    216:225:public boolean invoke()
android.support.v7.internal.view.menu.ActionMenuItemView:
    private static final java.lang.String TAG
    private static final int MAX_ICON_SIZE
    218:218:public boolean showsIcon()
android.support.v7.internal.view.menu.BaseMenuPresenter:
    231:231:public int getId()
android.support.v7.internal.view.menu.BaseWrapper:
    31:31:public java.lang.Object getWrappedObject()